2019-04-01 09:49:38  [ main:0 ] - [ ERROR ]  org.apache.zookeeper.KeeperException$ConnectionLossException: KeeperErrorCode = ConnectionLoss for /dog
 2019-04-01 09:49:38  [ main:10 ] - [ ERROR ]  org.dog.core.jms.exception.ConnectException
 2019-04-01 09:49:40  [ main:2231 ] - [ ERROR ]  org.apache.zookeeper.KeeperException$ConnectionLossException: KeeperErrorCode = ConnectionLoss for /dog/server1
 2019-04-01 09:49:40  [ main:2232 ] - [ ERROR ]  org.dog.core.jms.exception.ConnectException
 2019-04-01 09:49:51  [ main:0 ] - [ ERROR ]  org.apache.zookeeper.KeeperException$ConnectionLossException: KeeperErrorCode = ConnectionLoss for /dog
 2019-04-01 09:49:51  [ main:4 ] - [ ERROR ]  org.dog.core.jms.exception.ConnectException
 2019-04-01 09:49:53  [ main:2304 ] - [ ERROR ]  org.apache.zookeeper.KeeperException$ConnectionLossException: KeeperErrorCode = ConnectionLoss for /dog/server2
 2019-04-01 09:49:53  [ main:2304 ] - [ ERROR ]  org.dog.core.jms.exception.ConnectException
 2019-04-01 09:51:08  [ pool-1-thread-1:60288 ] - [ ERROR ]  删除时，被其他节点托管！，将由其他节点删除！
 2019-04-01 09:51:08  [ pool-1-thread-1:60288 ] - [ ERROR ]  org.dog.core.jms.exception.ConnectException
 2019-04-01 09:51:08  [ pool-1-thread-1:60289 ] - [ ERROR ]  confirError[DogTran:  application:server1    Name:chain   key:2116881305 statusCONFIRM][LocalServer:    Name:insertMongo   key:server3   status:TRY]
 2019-04-01 09:57:52  [ http-nio-8083-exec-1:463826 ] - [ ERROR ]  本地调用失败:java.util.NoSuchElementException: No value present
 2019-04-01 09:57:52  [ http-nio-8081-exec-8:494135 ] - [ ERROR ]  feign.FeignException: status 500 reading Server3Client#returnOrder(ReturnOrder)
 2019-04-01 09:58:15  [ http-nio-8083-exec-2:486455 ] - [ ERROR ]  本地调用失败:java.util.NoSuchElementException: No value present
 2019-04-01 09:58:15  [ http-nio-8081-exec-10:516652 ] - [ ERROR ]  feign.FeignException: status 500 reading Server3Client#returnOrder(ReturnOrder)
 2019-04-01 09:59:17  [ http-nio-8081-exec-9:578912 ] - [ ERROR ]  feign.RetryableException: Read timed out executing GET http://127.0.0.1:8083/returnOrder
 2019-04-01 09:59:22  [ pool-8-thread-1:553722 ] - [ ERROR ]  org.dog.core.jms.exception.ConnectException
 2019-04-01 09:59:52  [ http-nio-8083-exec-3:583390 ] - [ ERROR ]  本地调用失败:java.util.NoSuchElementException: No value present
 2019-04-01 10:01:47  [ pool-1-thread-1:60185 ] - [ ERROR ]  删除时，被其他节点托管！，将由其他节点删除！
 2019-04-01 10:01:47  [ pool-1-thread-1:60188 ] - [ ERROR ]  org.dog.core.jms.exception.ConnectException
 2019-04-01 10:01:47  [ pool-1-thread-1:60188 ] - [ ERROR ]  confirError[DogTran:  application:server1    Name:chain   key:2116881305 statusCONFIRM][LocalServer:    Name:insertMongo   key:server3   status:TRY]
 